<?xml version="1.0" encoding="UTF-8"?>
<!-- Generated by org.testng.reporters.JUnitReportReporter -->
<testsuite name="org.test.HotelAdactin" tests="8" time="59.460" ignored="2" failures="0" timestamp="13 Mar 2023 11:35:25 GMT" skipped="0" hostname="DESKTOP-2A4CAVR" errors="0">
  <testcase name="testLogin" time="6.641" classname="org.test.HotelAdactin"/>
  <testcase name="testA" time="22.073" classname="org.test.HotelAdactin"/>
  <testcase name="logout" time="3.430" classname="org.test.HotelAdactin"/>
  <testcase name="testUsername" time="4.763" classname="org.test.HotelAdactin"/>
  <testcase name="details" time="4.392" classname="org.test.HotelAdactin"/>
  <testcase name="selectHotel" time="0.937" classname="org.test.HotelAdactin"/>
  <testcase name="cancel" time="11.381" classname="org.test.HotelAdactin"/>
  <testcase name="testRegister" time="5.843" classname="org.test.HotelAdactin"/>
  <testcase name="testLogin2" classname="org.test.HotelAdactin">
    <skipped/>
  </testcase> <!-- testLogin2 -->
  <testcase name="testCreateAccount" classname="org.test.HotelAdactin">
    <skipped/>
  </testcase> <!-- testCreateAccount -->
</testsuite> <!-- org.test.HotelAdactin -->
